Analysis & Synthesis report for I2C_BH1750
Sun Jun  8 02:22:34 2025
Quartus Prime Version 23.1std.0 Build 991 11/28/2023 SC Lite Edition


---------------------
; Table of Contents ;
---------------------
  1. Legal Notice
  2. Analysis & Synthesis Summary
  3. Analysis & Synthesis Settings
  4. Parallel Compilation
  5. Analysis & Synthesis Source Files Read
  6. Analysis & Synthesis Resource Usage Summary
  7. Analysis & Synthesis Resource Utilization by Entity
  8. State Machine - |I2C_BH1750|presentState
  9. User-Specified and Inferred Latches
 10. Registers Removed During Synthesis
 11. General Register Statistics
 12. Inverted Register Statistics
 13. Multiplexer Restructuring Statistics (Restructuring Performed)
 14. Parameter Settings for Inferred Entity Instance: lpm_divide:Mod0
 15. Parameter Settings for Inferred Entity Instance: lpm_divide:Mod1
 16. Post-Synthesis Netlist Statistics for Top Partition
 17. Elapsed Time Per Partition
 18. Analysis & Synthesis Messages



----------------
; Legal Notice ;
----------------
Copyright (C) 2023  Intel Corporation. All rights reserved.
Your use of Intel Corporation's design tools, logic functions 
and other software and tools, and any partner logic 
functions, and any output files from any of the foregoing 
(including device programming or simulation files), and any 
associated documentation or information are expressly subject 
to the terms and conditions of the Intel Program License 
Subscription Agreement, the Intel Quartus Prime License Agreement,
the Intel FPGA IP License Agreement, or other applicable license
agreement, including, without limitation, that your use is for
the sole purpose of programming logic devices manufactured by
Intel and sold by Intel or its authorized distributors.  Please
refer to the applicable agreement for further details, at
https://fpgasoftware.intel.com/eula.



+-------------------------------------------------------------------------------------+
; Analysis & Synthesis Summary                                                        ;
+------------------------------------+------------------------------------------------+
; Analysis & Synthesis Status        ; Successful - Sun Jun  8 02:22:34 2025          ;
; Quartus Prime Version              ; 23.1std.0 Build 991 11/28/2023 SC Lite Edition ;
; Revision Name                      ; I2C_BH1750                                     ;
; Top-level Entity Name              ; I2C_BH1750                                     ;
; Family                             ; Cyclone 10 LP                                  ;
; Total logic elements               ; 273                                            ;
;     Total combinational functions  ; 272                                            ;
;     Dedicated logic registers      ; 120                                            ;
; Total registers                    ; 120                                            ;
; Total pins                         ; 62                                             ;
; Total virtual pins                 ; 0                                              ;
; Total memory bits                  ; 0                                              ;
; Embedded Multiplier 9-bit elements ; 0                                              ;
; Total PLLs                         ; 0                                              ;
+------------------------------------+------------------------------------------------+


+------------------------------------------------------------------------------------------------------------+
; Analysis & Synthesis Settings                                                                              ;
+------------------------------------------------------------------+--------------------+--------------------+
; Option                                                           ; Setting            ; Default Value      ;
+------------------------------------------------------------------+--------------------+--------------------+
; Device                                                           ; 10CL025YU256I7G    ;                    ;
; Top-level entity name                                            ; I2C_BH1750         ; I2C_BH1750         ;
; Family name                                                      ; Cyclone 10 LP      ; Cyclone V          ;
; Use smart compilation                                            ; Off                ; Off                ;
; Enable parallel Assembler and Timing Analyzer during compilation ; On                 ; On                 ;
; Enable compact report table                                      ; Off                ; Off                ;
; Restructure Multiplexers                                         ; Auto               ; Auto               ;
; Create Debugging Nodes for IP Cores                              ; Off                ; Off                ;
; Preserve fewer node names                                        ; On                 ; On                 ;
; Intel FPGA IP Evaluation Mode                                    ; Enable             ; Enable             ;
; Verilog Version                                                  ; Verilog_2001       ; Verilog_2001       ;
; VHDL Version                                                     ; VHDL_1993          ; VHDL_1993          ;
; State Machine Processing                                         ; Auto               ; Auto               ;
; Safe State Machine                                               ; Off                ; Off                ;
; Extract Verilog State Machines                                   ; On                 ; On                 ;
; Extract VHDL State Machines                                      ; On                 ; On                 ;
; Ignore Verilog initial constructs                                ; Off                ; Off                ;
; Iteration limit for constant Verilog loops                       ; 5000               ; 5000               ;
; Iteration limit for non-constant Verilog loops                   ; 250                ; 250                ;
; Add Pass-Through Logic to Inferred RAMs                          ; On                 ; On                 ;
; Infer RAMs from Raw Logic                                        ; On                 ; On                 ;
; Parallel Synthesis                                               ; On                 ; On                 ;
; DSP Block Balancing                                              ; Auto               ; Auto               ;
; NOT Gate Push-Back                                               ; On                 ; On                 ;
; Power-Up Don't Care                                              ; On                 ; On                 ;
; Remove Redundant Logic Cells                                     ; Off                ; Off                ;
; Remove Duplicate Registers                                       ; On                 ; On                 ;
; Ignore CARRY Buffers                                             ; Off                ; Off                ;
; Ignore CASCADE Buffers                                           ; Off                ; Off                ;
; Ignore GLOBAL Buffers                                            ; Off                ; Off                ;
; Ignore ROW GLOBAL Buffers                                        ; Off                ; Off                ;
; Ignore LCELL Buffers                                             ; Off                ; Off                ;
; Ignore SOFT Buffers                                              ; On                 ; On                 ;
; Limit AHDL Integers to 32 Bits                                   ; Off                ; Off                ;
; Optimization Technique                                           ; Balanced           ; Balanced           ;
; Carry Chain Length                                               ; 70                 ; 70                 ;
; Auto Carry Chains                                                ; On                 ; On                 ;
; Auto Open-Drain Pins                                             ; On                 ; On                 ;
; Perform WYSIWYG Primitive Resynthesis                            ; Off                ; Off                ;
; Auto ROM Replacement                                             ; On                 ; On                 ;
; Auto RAM Replacement                                             ; On                 ; On                 ;
; Auto DSP Block Replacement                                       ; On                 ; On                 ;
; Auto Shift Register Replacement                                  ; Auto               ; Auto               ;
; Allow Shift Register Merging across Hierarchies                  ; Auto               ; Auto               ;
; Auto Clock Enable Replacement                                    ; On                 ; On                 ;
; Strict RAM Replacement                                           ; Off                ; Off                ;
; Allow Synchronous Control Signals                                ; On                 ; On                 ;
; Force Use of Synchronous Clear Signals                           ; Off                ; Off                ;
; Auto RAM Block Balancing                                         ; On                 ; On                 ;
; Auto RAM to Logic Cell Conversion                                ; Off                ; Off                ;
; Auto Resource Sharing                                            ; Off                ; Off                ;
; Allow Any RAM Size For Recognition                               ; Off                ; Off                ;
; Allow Any ROM Size For Recognition                               ; Off                ; Off                ;
; Allow Any Shift Register Size For Recognition                    ; Off                ; Off                ;
; Use LogicLock Constraints during Resource Balancing              ; On                 ; On                 ;
; Ignore translate_off and synthesis_off directives                ; Off                ; Off                ;
; Timing-Driven Synthesis                                          ; On                 ; On                 ;
; Report Parameter Settings                                        ; On                 ; On                 ;
; Report Source Assignments                                        ; On                 ; On                 ;
; Report Connectivity Checks                                       ; On                 ; On                 ;
; Ignore Maximum Fan-Out Assignments                               ; Off                ; Off                ;
; Synchronization Register Chain Length                            ; 2                  ; 2                  ;
; Power Optimization During Synthesis                              ; Normal compilation ; Normal compilation ;
; HDL message level                                                ; Level2             ; Level2             ;
; Suppress Register Optimization Related Messages                  ; Off                ; Off                ;
; Number of Removed Registers Reported in Synthesis Report         ; 5000               ; 5000               ;
; Number of Swept Nodes Reported in Synthesis Report               ; 5000               ; 5000               ;
; Number of Inverted Registers Reported in Synthesis Report        ; 100                ; 100                ;
; Clock MUX Protection                                             ; On                 ; On                 ;
; Auto Gated Clock Conversion                                      ; Off                ; Off                ;
; Block Design Naming                                              ; Auto               ; Auto               ;
; SDC constraint protection                                        ; Off                ; Off                ;
; Synthesis Effort                                                 ; Auto               ; Auto               ;
; Shift Register Replacement - Allow Asynchronous Clear Signal     ; On                 ; On                 ;
; Pre-Mapping Resynthesis Optimization                             ; Off                ; Off                ;
; Analysis & Synthesis Message Level                               ; Medium             ; Medium             ;
; Disable Register Merging Across Hierarchies                      ; Auto               ; Auto               ;
; Resource Aware Inference For Block RAM                           ; On                 ; On                 ;
+------------------------------------------------------------------+--------------------+--------------------+


+------------------------------------------+
; Parallel Compilation                     ;
+----------------------------+-------------+
; Processors                 ; Number      ;
+----------------------------+-------------+
; Number detected on machine ; 8           ;
; Maximum allowed            ; 4           ;
;                            ;             ;
; Average used               ; 1.01        ;
; Maximum used               ; 4           ;
;                            ;             ;
; Usage by Processor         ; % Time Used ;
;     Processor 1            ; 100.0%      ;
;     Processors 2-4         ;   0.2%      ;
+----------------------------+-------------+


+-----------------------------------------------------------------------------------------------------------------------------------------------------------------------------+
; Analysis & Synthesis Source Files Read                                                                                                                                      ;
+----------------------------------+-----------------+------------------------------+-------------------------------------------------------------------------------+---------+
; File Name with User-Entered Path ; Used in Netlist ; File Type                    ; File Name with Absolute Path                                                  ; Library ;
+----------------------------------+-----------------+------------------------------+-------------------------------------------------------------------------------+---------+
; I2C_BH1750.v                     ; yes             ; User Verilog HDL File        ; C:/Users/denni/Documents/I2C_Driver_FPGA/I2C_BH1750.v                         ;         ;
; lpm_divide.tdf                   ; yes             ; Megafunction                 ; c:/intelfpga_lite/23.1std/quartus/libraries/megafunctions/lpm_divide.tdf      ;         ;
; abs_divider.inc                  ; yes             ; Megafunction                 ; c:/intelfpga_lite/23.1std/quartus/libraries/megafunctions/abs_divider.inc     ;         ;
; sign_div_unsign.inc              ; yes             ; Megafunction                 ; c:/intelfpga_lite/23.1std/quartus/libraries/megafunctions/sign_div_unsign.inc ;         ;
; aglobal231.inc                   ; yes             ; Megafunction                 ; c:/intelfpga_lite/23.1std/quartus/libraries/megafunctions/aglobal231.inc      ;         ;
; db/lpm_divide_i9m.tdf            ; yes             ; Auto-Generated Megafunction  ; C:/Users/denni/Documents/I2C_Driver_FPGA/db/lpm_divide_i9m.tdf                ;         ;
; db/sign_div_unsign_ekh.tdf       ; yes             ; Auto-Generated Megafunction  ; C:/Users/denni/Documents/I2C_Driver_FPGA/db/sign_div_unsign_ekh.tdf           ;         ;
; db/alt_u_div_94f.tdf             ; yes             ; Auto-Generated Megafunction  ; C:/Users/denni/Documents/I2C_Driver_FPGA/db/alt_u_div_94f.tdf                 ;         ;
; db/add_sub_0pc.tdf               ; yes             ; Auto-Generated Megafunction  ; C:/Users/denni/Documents/I2C_Driver_FPGA/db/add_sub_0pc.tdf                   ;         ;
; db/add_sub_1pc.tdf               ; yes             ; Auto-Generated Megafunction  ; C:/Users/denni/Documents/I2C_Driver_FPGA/db/add_sub_1pc.tdf                   ;         ;
+----------------------------------+-----------------+------------------------------+-------------------------------------------------------------------------------+---------+


+------------------------------------------------------------------+
; Analysis & Synthesis Resource Usage Summary                      ;
+---------------------------------------------+--------------------+
; Resource                                    ; Usage              ;
+---------------------------------------------+--------------------+
; Estimated Total logic elements              ; 273                ;
;                                             ;                    ;
; Total combinational functions               ; 272                ;
; Logic element usage by number of LUT inputs ;                    ;
;     -- 4 input functions                    ; 77                 ;
;     -- 3 input functions                    ; 43                 ;
;     -- <=2 input functions                  ; 152                ;
;                                             ;                    ;
; Logic elements by mode                      ;                    ;
;     -- normal mode                          ; 158                ;
;     -- arithmetic mode                      ; 114                ;
;                                             ;                    ;
; Total registers                             ; 120                ;
;     -- Dedicated logic registers            ; 120                ;
;     -- I/O registers                        ; 0                  ;
;                                             ;                    ;
; I/O pins                                    ; 62                 ;
;                                             ;                    ;
; Embedded Multiplier 9-bit elements          ; 0                  ;
;                                             ;                    ;
; Maximum fan-out node                        ; system_clock~input ;
; Maximum fan-out                             ; 65                 ;
; Total fan-out                               ; 1158               ;
; Average fan-out                             ; 2.24               ;
+---------------------------------------------+--------------------+


+----------------------------------------------------------------------------------------------------------------------------------------------------------------------------------------------------------------------------------------------------------------------------------------------------------------------+
; Analysis & Synthesis Resource Utilization by Entity                                                                                                                                                                                                                                                                  ;
+----------------------------------------+---------------------+---------------------------+-------------+--------------+---------+-----------+------+--------------+-------------------------------------------------------------------------------------------------------------+---------------------+--------------+
; Compilation Hierarchy Node             ; Combinational ALUTs ; Dedicated Logic Registers ; Memory Bits ; DSP Elements ; DSP 9x9 ; DSP 18x18 ; Pins ; Virtual Pins ; Full Hierarchy Name                                                                                         ; Entity Name         ; Library Name ;
+----------------------------------------+---------------------+---------------------------+-------------+--------------+---------+-----------+------+--------------+-------------------------------------------------------------------------------------------------------------+---------------------+--------------+
; |I2C_BH1750                            ; 272 (219)           ; 120 (120)                 ; 0           ; 0            ; 0       ; 0         ; 62   ; 0            ; |I2C_BH1750                                                                                                 ; I2C_BH1750          ; work         ;
;    |lpm_divide:Mod0|                   ; 26 (0)              ; 0 (0)                     ; 0           ; 0            ; 0       ; 0         ; 0    ; 0            ; |I2C_BH1750|lpm_divide:Mod0                                                                                 ; lpm_divide          ; work         ;
;       |lpm_divide_i9m:auto_generated|  ; 26 (0)              ; 0 (0)                     ; 0           ; 0            ; 0       ; 0         ; 0    ; 0            ; |I2C_BH1750|lpm_divide:Mod0|lpm_divide_i9m:auto_generated                                                   ; lpm_divide_i9m      ; work         ;
;          |sign_div_unsign_ekh:divider| ; 26 (0)              ; 0 (0)                     ; 0           ; 0            ; 0       ; 0         ; 0    ; 0            ; |I2C_BH1750|lpm_divide:Mod0|lpm_divide_i9m:auto_generated|sign_div_unsign_ekh:divider                       ; sign_div_unsign_ekh ; work         ;
;             |alt_u_div_94f:divider|    ; 26 (26)             ; 0 (0)                     ; 0           ; 0            ; 0       ; 0         ; 0    ; 0            ; |I2C_BH1750|lpm_divide:Mod0|lpm_divide_i9m:auto_generated|sign_div_unsign_ekh:divider|alt_u_div_94f:divider ; alt_u_div_94f       ; work         ;
;    |lpm_divide:Mod1|                   ; 27 (0)              ; 0 (0)                     ; 0           ; 0            ; 0       ; 0         ; 0    ; 0            ; |I2C_BH1750|lpm_divide:Mod1                                                                                 ; lpm_divide          ; work         ;
;       |lpm_divide_i9m:auto_generated|  ; 27 (0)              ; 0 (0)                     ; 0           ; 0            ; 0       ; 0         ; 0    ; 0            ; |I2C_BH1750|lpm_divide:Mod1|lpm_divide_i9m:auto_generated                                                   ; lpm_divide_i9m      ; work         ;
;          |sign_div_unsign_ekh:divider| ; 27 (0)              ; 0 (0)                     ; 0           ; 0            ; 0       ; 0         ; 0    ; 0            ; |I2C_BH1750|lpm_divide:Mod1|lpm_divide_i9m:auto_generated|sign_div_unsign_ekh:divider                       ; sign_div_unsign_ekh ; work         ;
;             |alt_u_div_94f:divider|    ; 27 (27)             ; 0 (0)                     ; 0           ; 0            ; 0       ; 0         ; 0    ; 0            ; |I2C_BH1750|lpm_divide:Mod1|lpm_divide_i9m:auto_generated|sign_div_unsign_ekh:divider|alt_u_div_94f:divider ; alt_u_div_94f       ; work         ;
+----------------------------------------+---------------------+---------------------------+-------------+--------------+---------+-----------+------+--------------+-------------------------------------------------------------------------------------------------------------+---------------------+--------------+
Note: For table entries with two numbers listed, the numbers in parentheses indicate the number of resources of the given type used by the specific entity alone. The numbers listed outside of parentheses indicate the total resources of the given type used by the specific entity and all of its sub-entities in the hierarchy.


Encoding Type:  One-Hot
+---------------------------------------------------------------------------------------------------------------------------------------------------------------------------------------------------------------------------------------------------------------------------------------------------------------------------------------------------------------------------------------------------------------------------------------------------------------------------------+
; State Machine - |I2C_BH1750|presentState                                                                                                                                                                                                                                                                                                                                                                                                                                        ;
+--------------------------------+-------------------------------+------------------------------+------------------------+-------------------+--------------------------------+-------------------------------+-------------------------+-----------------------------+----------------------------+----------------------+--------------------+------------------------------+-----------------------------+-----------------------+------------------------+--------------------+
; Name                           ; presentState.STOP_READ_STABLE ; presentState.STOP_READ_READY ; presentState.STOP_READ ; presentState.READ ; presentState.START_READ_STABLE ; presentState.START_READ_READY ; presentState.START_READ ; presentState.STOP_WR_STABLE ; presentState.STOP_WR_READY ; presentState.STOP_WR ; presentState.WRITE ; presentState.START_WR_STABLE ; presentState.START_WR_READY ; presentState.START_WR ; presentState.WAIT_RDWR ; presentState.RESET ;
+--------------------------------+-------------------------------+------------------------------+------------------------+-------------------+--------------------------------+-------------------------------+-------------------------+-----------------------------+----------------------------+----------------------+--------------------+------------------------------+-----------------------------+-----------------------+------------------------+--------------------+
; presentState.RESET             ; 0                             ; 0                            ; 0                      ; 0                 ; 0                              ; 0                             ; 0                       ; 0                           ; 0                          ; 0                    ; 0                  ; 0                            ; 0                           ; 0                     ; 0                      ; 0                  ;
; presentState.WAIT_RDWR         ; 0                             ; 0                            ; 0                      ; 0                 ; 0                              ; 0                             ; 0                       ; 0                           ; 0                          ; 0                    ; 0                  ; 0                            ; 0                           ; 0                     ; 1                      ; 1                  ;
; presentState.START_WR          ; 0                             ; 0                            ; 0                      ; 0                 ; 0                              ; 0                             ; 0                       ; 0                           ; 0                          ; 0                    ; 0                  ; 0                            ; 0                           ; 1                     ; 0                      ; 1                  ;
; presentState.START_WR_READY    ; 0                             ; 0                            ; 0                      ; 0                 ; 0                              ; 0                             ; 0                       ; 0                           ; 0                          ; 0                    ; 0                  ; 0                            ; 1                           ; 0                     ; 0                      ; 1                  ;
; presentState.START_WR_STABLE   ; 0                             ; 0                            ; 0                      ; 0                 ; 0                              ; 0                             ; 0                       ; 0                           ; 0                          ; 0                    ; 0                  ; 1                            ; 0                           ; 0                     ; 0                      ; 1                  ;
; presentState.WRITE             ; 0                             ; 0                            ; 0                      ; 0                 ; 0                              ; 0                             ; 0                       ; 0                           ; 0                          ; 0                    ; 1                  ; 0                            ; 0                           ; 0                     ; 0                      ; 1                  ;
; presentState.STOP_WR           ; 0                             ; 0                            ; 0                      ; 0                 ; 0                              ; 0                             ; 0                       ; 0                           ; 0                          ; 1                    ; 0                  ; 0                            ; 0                           ; 0                     ; 0                      ; 1                  ;
; presentState.STOP_WR_READY     ; 0                             ; 0                            ; 0                      ; 0                 ; 0                              ; 0                             ; 0                       ; 0                           ; 1                          ; 0                    ; 0                  ; 0                            ; 0                           ; 0                     ; 0                      ; 1                  ;
; presentState.STOP_WR_STABLE    ; 0                             ; 0                            ; 0                      ; 0                 ; 0                              ; 0                             ; 0                       ; 1                           ; 0                          ; 0                    ; 0                  ; 0                            ; 0                           ; 0                     ; 0                      ; 1                  ;
; presentState.START_READ        ; 0                             ; 0                            ; 0                      ; 0                 ; 0                              ; 0                             ; 1                       ; 0                           ; 0                          ; 0                    ; 0                  ; 0                            ; 0                           ; 0                     ; 0                      ; 1                  ;
; presentState.START_READ_READY  ; 0                             ; 0                            ; 0                      ; 0                 ; 0                              ; 1                             ; 0                       ; 0                           ; 0                          ; 0                    ; 0                  ; 0                            ; 0                           ; 0                     ; 0                      ; 1                  ;
; presentState.START_READ_STABLE ; 0                             ; 0                            ; 0                      ; 0                 ; 1                              ; 0                             ; 0                       ; 0                           ; 0                          ; 0                    ; 0                  ; 0                            ; 0                           ; 0                     ; 0                      ; 1                  ;
; presentState.READ              ; 0                             ; 0                            ; 0                      ; 1                 ; 0                              ; 0                             ; 0                       ; 0                           ; 0                          ; 0                    ; 0                  ; 0                            ; 0                           ; 0                     ; 0                      ; 1                  ;
; presentState.STOP_READ         ; 0                             ; 0                            ; 1                      ; 0                 ; 0                              ; 0                             ; 0                       ; 0                           ; 0                          ; 0                    ; 0                  ; 0                            ; 0                           ; 0                     ; 0                      ; 1                  ;
; presentState.STOP_READ_READY   ; 0                             ; 1                            ; 0                      ; 0                 ; 0                              ; 0                             ; 0                       ; 0                           ; 0                          ; 0                    ; 0                  ; 0                            ; 0                           ; 0                     ; 0                      ; 1                  ;
; presentState.STOP_READ_STABLE  ; 1                             ; 0                            ; 0                      ; 0                 ; 0                              ; 0                             ; 0                       ; 0                           ; 0                          ; 0                    ; 0                  ; 0                            ; 0                           ; 0                     ; 0                      ; 1                  ;
+--------------------------------+-------------------------------+------------------------------+------------------------+-------------------+--------------------------------+-------------------------------+-------------------------+-----------------------------+----------------------------+----------------------+--------------------+------------------------------+-----------------------------+-----------------------+------------------------+--------------------+


+---------------------------------------------------------------------------------------------------+
; User-Specified and Inferred Latches                                                               ;
+----------------------------------------------------+---------------------+------------------------+
; Latch Name                                         ; Latch Enable Signal ; Free of Timing Hazards ;
+----------------------------------------------------+---------------------+------------------------+
; i2c_sda_state                                      ; Selector16          ; yes                    ;
; Number of user-specified and inferred latches = 1  ;                     ;                        ;
+----------------------------------------------------+---------------------+------------------------+
Note: All latches listed above may not be present at the end of synthesis due to various synthesis optimizations.


+--------------------------------------------------------------------------------+
; Registers Removed During Synthesis                                             ;
+---------------------------------------+----------------------------------------+
; Register name                         ; Reason for Removal                     ;
+---------------------------------------+----------------------------------------+
; i2c_clock_cycles[6,7]                 ; Stuck at GND due to stuck port data_in ;
; presentState~2                        ; Lost fanout                            ;
; presentState~3                        ; Lost fanout                            ;
; presentState~4                        ; Lost fanout                            ;
; presentState~5                        ; Lost fanout                            ;
; count_2[0]                            ; Merged with count[0]                   ;
; Total Number of Removed Registers = 7 ;                                        ;
+---------------------------------------+----------------------------------------+


+------------------------------------------------------+
; General Register Statistics                          ;
+----------------------------------------------+-------+
; Statistic                                    ; Value ;
+----------------------------------------------+-------+
; Total registers                              ; 120   ;
; Number of registers using Synchronous Clear  ; 36    ;
; Number of registers using Synchronous Load   ; 0     ;
; Number of registers using Asynchronous Clear ; 0     ;
; Number of registers using Asynchronous Load  ; 0     ;
; Number of registers using Clock Enable       ; 38    ;
; Number of registers using Preset             ; 0     ;
+----------------------------------------------+-------+


+--------------------------------------------------+
; Inverted Register Statistics                     ;
+----------------------------------------+---------+
; Inverted Register                      ; Fan out ;
+----------------------------------------+---------+
; i2c_sclk_local_output                  ; 3       ;
; i2c_sclk_local                         ; 2       ;
; i2c_sclk_local_200khz                  ; 57      ;
; Total number of inverted registers = 3 ;         ;
+----------------------------------------+---------+


+-----------------------------------------------------------------------------------------------------------------------------------------------+
; Multiplexer Restructuring Statistics (Restructuring Performed)                                                                                ;
+--------------------+-----------+---------------+----------------------+------------------------+------------+---------------------------------+
; Multiplexer Inputs ; Bus Width ; Baseline Area ; Area if Restructured ; Saving if Restructured ; Registered ; Example Multiplexer Output      ;
+--------------------+-----------+---------------+----------------------+------------------------+------------+---------------------------------+
; 3:1                ; 6 bits    ; 12 LEs        ; 6 LEs                ; 6 LEs                  ; Yes        ; |I2C_BH1750|i2c_clock_cycles[0] ;
+--------------------+-----------+---------------+----------------------+------------------------+------------+---------------------------------+


+------------------------------------------------------------------+
; Parameter Settings for Inferred Entity Instance: lpm_divide:Mod0 ;
+------------------------+----------------+------------------------+
; Parameter Name         ; Value          ; Type                   ;
+------------------------+----------------+------------------------+
; LPM_WIDTHN             ; 9              ; Untyped                ;
; LPM_WIDTHD             ; 6              ; Untyped                ;
; LPM_NREPRESENTATION    ; UNSIGNED       ; Untyped                ;
; LPM_DREPRESENTATION    ; UNSIGNED       ; Untyped                ;
; LPM_PIPELINE           ; 0              ; Untyped                ;
; LPM_REMAINDERPOSITIVE  ; TRUE           ; Untyped                ;
; MAXIMIZE_SPEED         ; 5              ; Untyped                ;
; CBXI_PARAMETER         ; lpm_divide_i9m ; Untyped                ;
; CARRY_CHAIN            ; MANUAL         ; Untyped                ;
; OPTIMIZE_FOR_SPEED     ; 5              ; Untyped                ;
; AUTO_CARRY_CHAINS      ; ON             ; AUTO_CARRY             ;
; IGNORE_CARRY_BUFFERS   ; OFF            ; IGNORE_CARRY           ;
; AUTO_CASCADE_CHAINS    ; ON             ; AUTO_CASCADE           ;
; IGNORE_CASCADE_BUFFERS ; OFF            ; IGNORE_CASCADE         ;
+------------------------+----------------+------------------------+
Note: In order to hide this table in the UI and the text report file, please set the "Show Parameter Settings in Synthesis Report" option in "Analysis and Synthesis Settings -> More Settings" to "Off".


+------------------------------------------------------------------+
; Parameter Settings for Inferred Entity Instance: lpm_divide:Mod1 ;
+------------------------+----------------+------------------------+
; Parameter Name         ; Value          ; Type                   ;
+------------------------+----------------+------------------------+
; LPM_WIDTHN             ; 9              ; Untyped                ;
; LPM_WIDTHD             ; 6              ; Untyped                ;
; LPM_NREPRESENTATION    ; UNSIGNED       ; Untyped                ;
; LPM_DREPRESENTATION    ; UNSIGNED       ; Untyped                ;
; LPM_PIPELINE           ; 0              ; Untyped                ;
; LPM_REMAINDERPOSITIVE  ; TRUE           ; Untyped                ;
; MAXIMIZE_SPEED         ; 5              ; Untyped                ;
; CBXI_PARAMETER         ; lpm_divide_i9m ; Untyped                ;
; CARRY_CHAIN            ; MANUAL         ; Untyped                ;
; OPTIMIZE_FOR_SPEED     ; 5              ; Untyped                ;
; AUTO_CARRY_CHAINS      ; ON             ; AUTO_CARRY             ;
; IGNORE_CARRY_BUFFERS   ; OFF            ; IGNORE_CARRY           ;
; AUTO_CASCADE_CHAINS    ; ON             ; AUTO_CASCADE           ;
; IGNORE_CASCADE_BUFFERS ; OFF            ; IGNORE_CASCADE         ;
+------------------------+----------------+------------------------+
Note: In order to hide this table in the UI and the text report file, please set the "Show Parameter Settings in Synthesis Report" option in "Analysis and Synthesis Settings -> More Settings" to "Off".


+-----------------------------------------------------+
; Post-Synthesis Netlist Statistics for Top Partition ;
+-----------------------+-----------------------------+
; Type                  ; Count                       ;
+-----------------------+-----------------------------+
; boundary_port         ; 62                          ;
; cycloneiii_ff         ; 120                         ;
;     ENA               ; 6                           ;
;     ENA SCLR          ; 32                          ;
;     SCLR              ; 4                           ;
;     plain             ; 78                          ;
; cycloneiii_io_obuf    ; 1                           ;
; cycloneiii_lcell_comb ; 281                         ;
;     arith             ; 114                         ;
;         1 data inputs ; 2                           ;
;         2 data inputs ; 100                         ;
;         3 data inputs ; 12                          ;
;     normal            ; 167                         ;
;         0 data inputs ; 5                           ;
;         1 data inputs ; 12                          ;
;         2 data inputs ; 42                          ;
;         3 data inputs ; 31                          ;
;         4 data inputs ; 77                          ;
;                       ;                             ;
; Max LUT depth         ; 8.00                        ;
; Average LUT depth     ; 4.17                        ;
+-----------------------+-----------------------------+


+-------------------------------+
; Elapsed Time Per Partition    ;
+----------------+--------------+
; Partition Name ; Elapsed Time ;
+----------------+--------------+
; Top            ; 00:00:02     ;
+----------------+--------------+


+-------------------------------+
; Analysis & Synthesis Messages ;
+-------------------------------+
Info: *******************************************************************
Info: Running Quartus Prime Analysis & Synthesis
    Info: Version 23.1std.0 Build 991 11/28/2023 SC Lite Edition
    Info: Processing started: Sun Jun  8 02:22:16 2025
Info: Command: quartus_map --read_settings_files=on --write_settings_files=off I2C_BH1750 -c I2C_BH1750
Warning (18236): Number of processors has not been specified which may cause overloading on shared machines.  Set the global assignment NUM_PARALLEL_PROCESSORS in your QSF to an appropriate value for best performance.
Info (20030): Parallel compilation is enabled and will use 4 of the 4 processors detected
Info (12021): Found 1 design units, including 1 entities, in source file i2c_bh1750.v
    Info (12023): Found entity 1: I2C_BH1750 File: C:/Users/denni/Documents/I2C_Driver_FPGA/I2C_BH1750.v Line: 33
Info (12127): Elaborating entity "I2C_BH1750" for the top level hierarchy
Warning (10240): Verilog HDL Always Construct warning at I2C_BH1750.v(150): inferring latch(es) for variable "i2c_sda_state", which holds its previous value in one or more paths through the always construct File: C:/Users/denni/Documents/I2C_Driver_FPGA/I2C_BH1750.v Line: 150
Warning (10230): Verilog HDL assignment warning at I2C_BH1750.v(276): truncated value with size 32 to match size of target (8) File: C:/Users/denni/Documents/I2C_Driver_FPGA/I2C_BH1750.v Line: 276
Warning (10230): Verilog HDL assignment warning at I2C_BH1750.v(295): truncated value with size 32 to match size of target (8) File: C:/Users/denni/Documents/I2C_Driver_FPGA/I2C_BH1750.v Line: 295
Warning (10230): Verilog HDL assignment warning at I2C_BH1750.v(382): truncated value with size 32 to match size of target (8) File: C:/Users/denni/Documents/I2C_Driver_FPGA/I2C_BH1750.v Line: 382
Warning (10034): Output port "ack_bit" at I2C_BH1750.v(52) has no driver File: C:/Users/denni/Documents/I2C_Driver_FPGA/I2C_BH1750.v Line: 52
Info (10041): Inferred latch for "i2c_sda_state" at I2C_BH1750.v(150) File: C:/Users/denni/Documents/I2C_Driver_FPGA/I2C_BH1750.v Line: 150
Info (278001): Inferred 2 megafunctions from design logic
    Info (278004): Inferred divider/modulo megafunction ("lpm_divide") from the following logic: "Mod0" File: C:/Users/denni/Documents/I2C_Driver_FPGA/I2C_BH1750.v Line: 276
    Info (278004): Inferred divider/modulo megafunction ("lpm_divide") from the following logic: "Mod1" File: C:/Users/denni/Documents/I2C_Driver_FPGA/I2C_BH1750.v Line: 295
Info (12130): Elaborated megafunction instantiation "lpm_divide:Mod0" File: C:/Users/denni/Documents/I2C_Driver_FPGA/I2C_BH1750.v Line: 276
Info (12133): Instantiated megafunction "lpm_divide:Mod0" with the following parameter: File: C:/Users/denni/Documents/I2C_Driver_FPGA/I2C_BH1750.v Line: 276
    Info (12134): Parameter "LPM_WIDTHN" = "9"
    Info (12134): Parameter "LPM_WIDTHD" = "6"
    Info (12134): Parameter "LPM_NREPRESENTATION" = "UNSIGNED"
    Info (12134): Parameter "LPM_DREPRESENTATION" = "UNSIGNED"
Info (12021): Found 1 design units, including 1 entities, in source file db/lpm_divide_i9m.tdf
    Info (12023): Found entity 1: lpm_divide_i9m File: C:/Users/denni/Documents/I2C_Driver_FPGA/db/lpm_divide_i9m.tdf Line: 25
Info (12021): Found 1 design units, including 1 entities, in source file db/sign_div_unsign_ekh.tdf
    Info (12023): Found entity 1: sign_div_unsign_ekh File: C:/Users/denni/Documents/I2C_Driver_FPGA/db/sign_div_unsign_ekh.tdf Line: 25
Info (12021): Found 1 design units, including 1 entities, in source file db/alt_u_div_94f.tdf
    Info (12023): Found entity 1: alt_u_div_94f File: C:/Users/denni/Documents/I2C_Driver_FPGA/db/alt_u_div_94f.tdf Line: 27
Info (12021): Found 1 design units, including 1 entities, in source file db/add_sub_0pc.tdf
    Info (12023): Found entity 1: add_sub_0pc File: C:/Users/denni/Documents/I2C_Driver_FPGA/db/add_sub_0pc.tdf Line: 23
Info (12021): Found 1 design units, including 1 entities, in source file db/add_sub_1pc.tdf
    Info (12023): Found entity 1: add_sub_1pc File: C:/Users/denni/Documents/I2C_Driver_FPGA/db/add_sub_1pc.tdf Line: 23
Info (12130): Elaborated megafunction instantiation "lpm_divide:Mod1" File: C:/Users/denni/Documents/I2C_Driver_FPGA/I2C_BH1750.v Line: 295
Info (12133): Instantiated megafunction "lpm_divide:Mod1" with the following parameter: File: C:/Users/denni/Documents/I2C_Driver_FPGA/I2C_BH1750.v Line: 295
    Info (12134): Parameter "LPM_WIDTHN" = "9"
    Info (12134): Parameter "LPM_WIDTHD" = "6"
    Info (12134): Parameter "LPM_NREPRESENTATION" = "UNSIGNED"
    Info (12134): Parameter "LPM_DREPRESENTATION" = "UNSIGNED"
Warning (13012): Latch i2c_sda_state has unsafe behavior File: C:/Users/denni/Documents/I2C_Driver_FPGA/I2C_BH1750.v Line: 82
    Warning (13013): Ports D and ENA on the latch are fed by the same signal presentState.READ File: C:/Users/denni/Documents/I2C_Driver_FPGA/I2C_BH1750.v Line: 73
Warning (13024): Output pins are stuck at VCC or GND
    Warning (13410): Pin "i2c_clock_cycles_output[6]" is stuck at GND File: C:/Users/denni/Documents/I2C_Driver_FPGA/I2C_BH1750.v Line: 45
    Warning (13410): Pin "i2c_clock_cycles_output[7]" is stuck at GND File: C:/Users/denni/Documents/I2C_Driver_FPGA/I2C_BH1750.v Line: 45
    Warning (13410): Pin "i2c_bit_count_output[5]" is stuck at GND File: C:/Users/denni/Documents/I2C_Driver_FPGA/I2C_BH1750.v Line: 46
    Warning (13410): Pin "i2c_bit_count_output[6]" is stuck at GND File: C:/Users/denni/Documents/I2C_Driver_FPGA/I2C_BH1750.v Line: 46
    Warning (13410): Pin "i2c_bit_count_output[7]" is stuck at GND File: C:/Users/denni/Documents/I2C_Driver_FPGA/I2C_BH1750.v Line: 46
    Warning (13410): Pin "ack_bit" is stuck at GND File: C:/Users/denni/Documents/I2C_Driver_FPGA/I2C_BH1750.v Line: 52
Info (286030): Timing-Driven Synthesis is running
Info (17049): 4 registers lost all their fanouts during netlist optimizations.
Info (17016): Found the following redundant logic cells in design
    Info (17048): Logic cell "lpm_divide:Mod0|lpm_divide_i9m:auto_generated|sign_div_unsign_ekh:divider|alt_u_div_94f:divider|add_sub_7_result_int[1]~12" File: C:/Users/denni/Documents/I2C_Driver_FPGA/db/alt_u_div_94f.tdf Line: 62
Info (16010): Generating hard_block partition "hard_block:auto_generated_inst"
    Info (16011): Adding 0 node(s), including 0 DDIO, 0 PLL, 0 transceiver and 0 LCELL
Warning (21074): Design contains 2 input pin(s) that do not drive logic
    Warning (15610): No output dependent on input pin "read_I2C_SDA" File: C:/Users/denni/Documents/I2C_Driver_FPGA/I2C_BH1750.v Line: 48
    Warning (15610): No output dependent on input pin "read_I2C_SCLK" File: C:/Users/denni/Documents/I2C_Driver_FPGA/I2C_BH1750.v Line: 49
Info (21057): Implemented 336 device resources after synthesis - the final resource count might be different
    Info (21058): Implemented 4 input pins
    Info (21059): Implemented 57 output pins
    Info (21060): Implemented 1 bidirectional pins
    Info (21061): Implemented 274 logic cells
Info: Quartus Prime Analysis & Synthesis was successful. 0 errors, 18 warnings
    Info: Peak virtual memory: 4778 megabytes
    Info: Processing ended: Sun Jun  8 02:22:34 2025
    Info: Elapsed time: 00:00:18
    Info: Total CPU time (on all processors): 00:00:32


